Telegram Polling Log
===================

Timestamp: 2026-04-15 08:51 UTC
Timezone: Asia/Taipei

Polling Cycle Summary
---------------------
✅ Status: COMPLETE
✅ API Connection: SUCCESSFUL
✅ Offset Tracking: UPDATED

Updates Processed:
- Total updates fetched: 1
- Update ID: 119522135
- Type: callback_query
- From: Eric Su (ID: 8397380746)
- Content: Approval response to OpenClaw permission request
- Data: /approve 7b7a4ce0-54fc-45a4-bf68-36c11cf9768b always

Offset Management:
- Initial offset: 0
- Last processed update ID: 119522135
- New offset: 119522136
- Status: Updated and persisted

Follow-up Check:
- Query offset 119522136: No new updates
- API response: {"ok":true,"result":[]}
- Polling clean for next cycle

Next Actions:
- Script ready for next scheduled polling cycle
- Offset state file: /Users/ericsu/.openclaw/workspace/state/telegram_offset
- Next offset will start from: 119522136

Files Updated:
✅ /Users/ericsu/.openclaw/workspace/state/telegram_offset (119522136)
